<?xml version="1.0" encoding="UTF-8"?>
<!-- Generated by org.testng.reporters.JUnitReportReporter -->
<testsuite hostname="DESKTOP-V8I7LSO" failures="0" tests="1" name="automationProject1.InventoryDetails" time="0.536" errors="0" timestamp="2024-02-07T17:34:12 AEDT" skipped="0">
  <testcase classname="automationProject1.InventoryDetails" name="Invdetailschk" time="0.536"/>
</testsuite> <!-- automationProject1.InventoryDetails -->
