<?xml version="1.0" encoding="UTF-8"?>
<!-- Generated by org.testng.reporters.JUnitReportReporter -->
<testsuite hostname="DESKTOP-V8I7LSO" failures="0" tests="4" name="automationProject1.CartPageFunctionality" time="0.688" errors="0" timestamp="2024-02-07T21:53:32 AEDT" skipped="0">
  <testcase classname="automationProject1.CartPageFunctionality" name="CartproductDetails" time="0.224"/>
  <testcase classname="automationProject1.CartPageFunctionality" name="removeProductFromCart" time="0.061"/>
  <testcase classname="automationProject1.CartPageFunctionality" name="ContinueShopping" time="0.053"/>
  <testcase classname="automationProject1.CartPageFunctionality" name="Checkoutbutton" time="0.350"/>
</testsuite> <!-- automationProject1.CartPageFunctionality -->
