<?xml version="1.0" encoding="UTF-8"?>
<!-- Generated by org.testng.reporters.JUnitReportReporter -->
<testsuite hostname="DESKTOP-V8I7LSO" failures="0" tests="1" name="automationProject1.Logout" time="0.106" errors="0" timestamp="2024-02-07T21:55:18 AEDT" skipped="0">
  <testcase classname="automationProject1.Logout" name="logout" time="0.106"/>
</testsuite> <!-- automationProject1.Logout -->
