<?xml version="1.0" encoding="UTF-8"?>
<!-- Generated by org.testng.reporters.JUnitReportReporter -->
<testsuite hostname="DESKTOP-V8I7LSO" failures="0" tests="6" name="automationProject1.InventoryPage" time="0.644" errors="0" timestamp="2024-02-07T21:54:05 AEDT" skipped="0">
  <testcase classname="automationProject1.InventoryPage" name="navigateInventory" time="0.010"/>
  <testcase classname="automationProject1.InventoryPage" name="Invdetailschk" time="0.413"/>
  <testcase classname="automationProject1.InventoryPage" name="CartImage" time="0.043"/>
  <testcase classname="automationProject1.InventoryPage" name="AddtoCartOneProduct" time="0.054"/>
  <testcase classname="automationProject1.InventoryPage" name="addToCartNameChange" time="0.026"/>
  <testcase classname="automationProject1.InventoryPage" name="AddtoCartMultiProduct" time="0.098"/>
</testsuite> <!-- automationProject1.InventoryPage -->
