<?xml version="1.0" encoding="UTF-8"?>
<!-- Generated by org.testng.reporters.JUnitReportReporter -->
<testsuite hostname="DESKTOP-V8I7LSO" failures="0" tests="3" name="automationProject1.LoginWithInvalidData" time="0.919" errors="0" timestamp="2024-02-07T21:54:24 AEDT" skipped="0">
  <testcase classname="automationProject1.LoginWithInvalidData" name="InvalidUsername" time="0.338"/>
  <testcase classname="automationProject1.LoginWithInvalidData" name="InvalidPassword" time="0.302"/>
  <testcase classname="automationProject1.LoginWithInvalidData" name="InvalidUserAndPswd" time="0.279"/>
</testsuite> <!-- automationProject1.LoginWithInvalidData -->
