<?xml version="1.0" encoding="UTF-8"?>
<!-- Generated by org.testng.reporters.JUnitReportReporter -->
<testsuite hostname="DESKTOP-V8I7LSO" failures="0" tests="2" name="automationProject1.LoginWithBlankData" time="0.671" errors="0" timestamp="2024-02-07T21:54:17 AEDT" skipped="0">
  <testcase classname="automationProject1.LoginWithBlankData" name="InvalidUserAndPswd" time="0.356"/>
  <testcase classname="automationProject1.LoginWithBlankData" name="InvalidPassword" time="0.315"/>
</testsuite> <!-- automationProject1.LoginWithBlankData -->
