<?xml version="1.0" encoding="UTF-8"?>
<!-- Generated by org.testng.reporters.JUnitReportReporter -->
<testsuite hostname="DESKTOP-V8I7LSO" failures="0" tests="5" name="automationProject1.SortByOrder" time="0.519" errors="0" timestamp="2024-02-07T21:55:25 AEDT" skipped="0">
  <testcase classname="automationProject1.SortByOrder" name="sortoption" time="0.059"/>
  <testcase classname="automationProject1.SortByOrder" name="sortbyAtoZ" time="0.123"/>
  <testcase classname="automationProject1.SortByOrder" name="sortbyZtoA" time="0.123"/>
  <testcase classname="automationProject1.SortByOrder" name="sortbyLowtoHigh" time="0.106"/>
  <testcase classname="automationProject1.SortByOrder" name="sortbyHightoLow" time="0.108"/>
</testsuite> <!-- automationProject1.SortByOrder -->
