<?xml version="1.0" encoding="UTF-8"?>
<!-- Generated by org.testng.reporters.JUnitReportReporter -->
<testsuite hostname="DESKTOP-V8I7LSO" failures="0" tests="4" name="automationProject1.Footerfunctionality" time="0.548" errors="0" timestamp="2024-02-07T21:53:54 AEDT" skipped="0">
  <testcase classname="automationProject1.Footerfunctionality" name="Footer" time="0.216"/>
  <testcase classname="automationProject1.Footerfunctionality" name="TwitterPage" time="0.093"/>
  <testcase classname="automationProject1.Footerfunctionality" name="FacebookPage" time="0.113"/>
  <testcase classname="automationProject1.Footerfunctionality" name="LinkedInPage" time="0.126"/>
</testsuite> <!-- automationProject1.Footerfunctionality -->
