<?xml version="1.0" encoding="UTF-8"?>
<!-- Generated by org.testng.reporters.JUnitReportReporter -->
<testsuite hostname="DESKTOP-V8I7LSO" failures="0" tests="1" name="automationProject1.LoginWithValidUser" time="6.633" errors="0" timestamp="2024-02-07T21:54:37 AEDT" skipped="0">
  <testcase classname="automationProject1.LoginWithValidUser" name="logintest" time="6.633"/>
</testsuite> <!-- automationProject1.LoginWithValidUser -->
