<?xml version="1.0" encoding="UTF-8"?>
<!-- Generated by org.testng.reporters.JUnitReportReporter -->
<testsuite hostname="DESKTOP-V8I7LSO" failures="0" tests="5" name="automationProject1.CheckoutFunctionality" time="2.808" errors="0" timestamp="2024-02-07T21:53:46 AEDT" skipped="0">
  <testcase classname="automationProject1.CheckoutFunctionality" name="cancelCheckout" time="0.200"/>
  <testcase classname="automationProject1.CheckoutFunctionality" name="Checkoutprocess" time="0.321"/>
  <testcase classname="automationProject1.CheckoutFunctionality" name="CheckoutDetails" time="2.150"/>
  <testcase classname="automationProject1.CheckoutFunctionality" name="finishCheckout" time="0.091"/>
  <testcase classname="automationProject1.CheckoutFunctionality" name="BackHome" time="0.046"/>
</testsuite> <!-- automationProject1.CheckoutFunctionality -->
